# JRE version: OpenJDK Runtime Environment (8.0_152-b01) (build 1.8.0_152-release-1248-b01)
# Java VM: OpenJDK 64-Bit Server VM (25.152-b01 mixed mode windows-amd64 compressed oops)
Heap:
 PSYoungGen      total 271872K, used 80402K [0x00000000eab00000, 0x00000000fec00000, 0x0000000100000000)
  eden space 213504K, 32% used [0x00000000eab00000,0x00000000eef6bf10,0x00000000f7b80000)
  from space 58368K, 17% used [0x00000000fb300000,0x00000000fbd18980,0x00000000fec00000)
  to   space 56832K, 0% used [0x00000000f7b80000,0x00000000f7b80000,0x00000000fb300000)
 ParOldGen       total 641024K, used 199281K [0x00000000c0000000, 0x00000000e7200000, 0x00000000eab00000)
  object space 641024K, 31% used [0x00000000c0000000,0x00000000cc29c678,0x00000000e7200000)
 Metaspace       used 91922K, capacity 96396K, committed 96512K, reserved 1132544K
  class space    used 11523K, capacity 12434K, committed 12544K, reserved 1048576K
GC Heap History (10 events):
Event: 2907.087 GC heap before
{Heap before GC invocations=120 (full 6):
 PSYoungGen      total 256512K, used 199319K [0x00000000eab00000, 0x00000000feb80000, 0x0000000100000000)
  eden space 184832K, 100% used [0x00000000eab00000,0x00000000f5f80000,0x00000000f5f80000)
  from space 71680K, 20% used [0x00000000f5f80000,0x00000000f6da5d20,0x00000000fa580000)
  to   space 66560K, 0% used [0x00000000faa80000,0x00000000faa80000,0x00000000feb80000)
 ParOldGen       total 641024K, used 165421K [0x00000000c0000000, 0x00000000e7200000, 0x00000000eab00000)
  object space 641024K, 25% used [0x00000000c0000000,0x00000000ca18b5f8,0x00000000e7200000)
 Metaspace       used 91915K, capacity 96392K, committed 96512K, reserved 1132544K
  class space    used 11523K, capacity 12434K, committed 12544K, reserved 1048576K
Event: 2907.115 GC heap after
Heap after GC invocations=120 (full 6):
 PSYoungGen      total 251392K, used 21778K [0x00000000eab00000, 0x00000000feb80000, 0x0000000100000000)
  eden space 184832K, 0% used [0x00000000eab00000,0x00000000eab00000,0x00000000f5f80000)
  from space 66560K, 32% used [0x00000000faa80000,0x00000000fbfc4868,0x00000000feb80000)
  to   space 71680K, 0% used [0x00000000f5f80000,0x00000000f5f80000,0x00000000fa580000)
 ParOldGen       total 641024K, used 175761K [0x00000000c0000000, 0x00000000e7200000, 0x00000000eab00000)
  object space 641024K, 27% used [0x00000000c0000000,0x00000000caba44b8,0x00000000e7200000)
 Metaspace       used 91915K, capacity 96392K, committed 96512K, reserved 1132544K
  class space    used 11523K, capacity 12434K, committed 12544K, reserved 1048576K
}
Event: 2907.450 GC heap before
{Heap before GC invocations=121 (full 6):
 PSYoungGen      total 251392K, used 206610K [0x00000000eab00000, 0x00000000feb80000, 0x0000000100000000)
  eden space 184832K, 100% used [0x00000000eab00000,0x00000000f5f80000,0x00000000f5f80000)
  from space 66560K, 32% used [0x00000000faa80000,0x00000000fbfc4868,0x00000000feb80000)
  to   space 71680K, 0% used [0x00000000f5f80000,0x00000000f5f80000,0x00000000fa580000)
 ParOldGen       total 641024K, used 175761K [0x00000000c0000000, 0x00000000e7200000, 0x00000000eab00000)
  object space 641024K, 27% used [0x00000000c0000000,0x00000000caba44b8,0x00000000e7200000)
 Metaspace       used 91921K, capacity 96396K, committed 96512K, reserved 1132544K
  class space    used 11523K, capacity 12434K, committed 12544K, reserved 1048576K
Event: 2907.469 GC heap after
Heap after GC invocations=121 (full 6):
 PSYoungGen      total 256512K, used 14507K [0x00000000eab00000, 0x00000000fed00000, 0x0000000100000000)
  eden space 184832K, 0% used [0x00000000eab00000,0x00000000eab00000,0x00000000f5f80000)
  from space 71680K, 20% used [0x00000000f5f80000,0x00000000f6daafd8,0x00000000fa580000)
  to   space 59392K, 0% used [0x00000000fb300000,0x00000000fb300000,0x00000000fed00000)
 ParOldGen       total 641024K, used 182898K [0x00000000c0000000, 0x00000000e7200000, 0x00000000eab00000)
  object space 641024K, 28% used [0x00000000c0000000,0x00000000cb29ca50,0x00000000e7200000)
 Metaspace       used 91921K, capacity 96396K, committed 96512K, reserved 1132544K
  class space    used 11523K, capacity 12434K, committed 12544K, reserved 1048576K
}
Event: 2907.748 GC heap before
{Heap before GC invocations=122 (full 6):
 PSYoungGen      total 256512K, used 199339K [0x00000000eab00000, 0x00000000fed00000, 0x0000000100000000)
  eden space 184832K, 100% used [0x00000000eab00000,0x00000000f5f80000,0x00000000f5f80000)
  from space 71680K, 20% used [0x00000000f5f80000,0x00000000f6daafd8,0x00000000fa580000)
  to   space 59392K, 0% used [0x00000000fb300000,0x00000000fb300000,0x00000000fed00000)
 ParOldGen       total 641024K, used 182898K [0x00000000c0000000, 0x00000000e7200000, 0x00000000eab00000)
  object space 641024K, 28% used [0x00000000c0000000,0x00000000cb29ca50,0x00000000e7200000)
 Metaspace       used 91921K, capacity 96396K, committed 96512K, reserved 1132544K
  class space    used 11523K, capacity 12434K, committed 12544K, reserved 1048576K
Event: 2907.761 GC heap after
Heap after GC invocations=122 (full 6):
 PSYoungGen      total 271872K, used 7250K [0x00000000eab00000, 0x00000000fec00000, 0x0000000100000000)
  eden space 213504K, 0% used [0x00000000eab00000,0x00000000eab00000,0x00000000f7b80000)
  from space 58368K, 12% used [0x00000000fb300000,0x00000000fba14bf0,0x00000000fec00000)
  to   space 56832K, 0% used [0x00000000f7b80000,0x00000000f7b80000,0x00000000fb300000)
 ParOldGen       total 641024K, used 187452K [0x00000000c0000000, 0x00000000e7200000, 0x00000000eab00000)
  object space 641024K, 29% used [0x00000000c0000000,0x00000000cb70f268,0x00000000e7200000)
 Metaspace       used 91921K, capacity 96396K, committed 96512K, reserved 1132544K
  class space    used 11523K, capacity 12434K, committed 12544K, reserved 1048576K
}
Event: 2908.099 GC heap before
{Heap before GC invocations=123 (full 6):
 PSYoungGen      total 271872K, used 220754K [0x00000000eab00000, 0x00000000fec00000, 0x0000000100000000)
  eden space 213504K, 100% used [0x00000000eab00000,0x00000000f7b80000,0x00000000f7b80000)
  from space 58368K, 12% used [0x00000000fb300000,0x00000000fba14bf0,0x00000000fec00000)
  to   space 56832K, 0% used [0x00000000f7b80000,0x00000000f7b80000,0x00000000fb300000)
 ParOldGen       total 641024K, used 187452K [0x00000000c0000000, 0x00000000e7200000, 0x00000000eab00000)
  object space 641024K, 29% used [0x00000000c0000000,0x00000000cb70f268,0x00000000e7200000)
 Metaspace       used 91922K, capacity 96396K, committed 96512K, reserved 1132544K
  class space    used 11523K, capacity 12434K, committed 12544K, reserved 1048576K
Event: 2908.117 GC heap after
Heap after GC invocations=123 (full 6):
 PSYoungGen      total 270336K, used 12508K [0x00000000eab00000, 0x00000000fec00000, 0x0000000100000000)
  eden space 213504K, 0% used [0x00000000eab00000,0x00000000eab00000,0x00000000f7b80000)
  from space 56832K, 22% used [0x00000000f7b80000,0x00000000f87b7270,0x00000000fb300000)
  to   space 58368K, 0% used [0x00000000fb300000,0x00000000fb300000,0x00000000fec00000)
 ParOldGen       total 641024K, used 193534K [0x00000000c0000000, 0x00000000e7200000, 0x00000000eab00000)
  object space 641024K, 30% used [0x00000000c0000000,0x00000000cbcffb08,0x00000000e7200000)
 Metaspace       used 91922K, capacity 96396K, committed 96512K, reserved 1132544K
  class space    used 11523K, capacity 12434K, committed 12544K, reserved 1048576K
}
Event: 2908.517 GC heap before
{Heap before GC invocations=124 (full 6):
 PSYoungGen      total 270336K, used 226012K [0x00000000eab00000, 0x00000000fec00000, 0x0000000100000000)
  eden space 213504K, 100% used [0x00000000eab00000,0x00000000f7b80000,0x00000000f7b80000)
  from space 56832K, 22% used [0x00000000f7b80000,0x00000000f87b7270,0x00000000fb300000)
  to   space 58368K, 0% used [0x00000000fb300000,0x00000000fb300000,0x00000000fec00000)
 ParOldGen       total 641024K, used 193534K [0x00000000c0000000, 0x00000000e7200000, 0x00000000eab00000)
  object space 641024K, 30% used [0x00000000c0000000,0x00000000cbcffb08,0x00000000e7200000)
 Metaspace       used 91922K, capacity 96396K, committed 96512K, reserved 1132544K
  class space    used 11523K, capacity 12434K, committed 12544K, reserved 1048576K
Event: 2908.527 GC heap after
Heap after GC invocations=124 (full 6):
 PSYoungGen      total 271872K, used 10338K [0x00000000eab00000, 0x00000000fec00000, 0x0000000100000000)
  eden space 213504K, 0% used [0x00000000eab00000,0x00000000eab00000,0x00000000f7b80000)
  from space 58368K, 17% used [0x00000000fb300000,0x00000000fbd18980,0x00000000fec00000)
  to   space 56832K, 0% used [0x00000000f7b80000,0x00000000f7b80000,0x00000000fb300000)
 ParOldGen       total 641024K, used 199281K [0x00000000c0000000, 0x00000000e7200000, 0x00000000eab00000)
  object space 641024K, 31% used [0x00000000c0000000,0x00000000cc29c678,0x00000000e7200000)
 Metaspace       used 91922K, capacity 96396K, committed 96512K, reserved 1132544K
  class space    used 11523K, capacity 12434K, committed 12544K, reserved 1048576K
}

